<?xml version="1.0" encoding="UTF-8"?>
<!-- Generated by org.testng.reporters.JUnitReportReporter -->
<testsuite hostname="DESKTOP-7CGUEII" failures="0" tests="1" name="Login" time="7.295" errors="0" timestamp="2022-10-01T10:38:38 IST" skipped="0">
  <testcase classname="Login" name="login" time="7.295"/>
  <system-out/>
</testsuite> <!-- Login -->
